0 info it worked if it ends with ok
1 verbose cli [ 'C:\\Program Files\\nodejs\\node.exe',
1 verbose cli   'C:\\Program Files\\nodejs\\node_modules\\npm\\bin\\npm-cli.js',
1 verbose cli   'publish' ]
2 info using npm@3.10.10
3 info using node@v6.10.3
4 verbose publish [ '.' ]
5 silly cache add args [ '.', null ]
6 verbose cache add spec .
7 silly cache add parsed spec Result {
7 silly cache add   raw: '.',
7 silly cache add   scope: null,
7 silly cache add   escapedName: null,
7 silly cache add   name: null,
7 silly cache add   rawSpec: '.',
7 silly cache add   spec: 'D:\\WorkSapce_magnifyall\\generator-magnifyalljs',
7 silly cache add   type: 'directory' }
8 verbose addLocalDirectory C:\Users\akash\AppData\Roaming\npm-cache\generator-magnifyalljs\0.0.9\package.tgz not in flight; packing
9 verbose correctMkdir C:\Users\akash\AppData\Roaming\npm-cache correctMkdir not in flight; initializing
10 info lifecycle generator-magnifyalljs@0.0.9~prepublish: generator-magnifyalljs@0.0.9
11 verbose lifecycle generator-magnifyalljs@0.0.9~prepublish: unsafe-perm in lifecycle true
12 verbose lifecycle generator-magnifyalljs@0.0.9~prepublish: PATH: C:\Program Files\nodejs\node_modules\npm\bin\node-gyp-bin;D:\WorkSapce_magnifyall\generator-magnifyalljs\node_modules\.bin;C:\Program Files\Oculus\Support\oculus-runtime;C:\ProgramData\Oracle\Java\javapath;C:\Program Files (x86)\Intel\iCLS Client\;C:\Program Files\Intel\iCLS Client\;C:\Windows\system32;C:\Windows;C:\Windows\System32\Wbem;C:\Windows\System32\WindowsPowerShell\v1.0\;C:\Program Files (x86)\Intel\Intel(R) Management Engine Components\DAL;C:\Program Files\Intel\Intel(R) Management Engine Components\DAL;C:\Program Files (x86)\Intel\Intel(R) Management Engine Components\IPT;C:\Program Files\Intel\Intel(R) Management Engine Components\IPT;C:\WINDOWS\system32;C:\WINDOWS;C:\WINDOWS\System32\Wbem;C:\WINDOWS\System32\WindowsPowerShell\v1.0\;C:\Program Files (x86)\NVIDIA Corporation\PhysX\Common;C:\Program Files (x86)\GtkSharp\2.12\bin;C:\Program Files\nodejs\;C:\Program Files\Git\cmd;%SystemRoot%\system32;%SystemRoot%;%SystemRoot%\System32\Wbem;%SYSTEMROOT%\System32\WindowsPowerShell\v1.0\;C:\Users\akash\AppData\Local\Microsoft\WindowsApps;C:\Users\akash\AppData\Roaming\npm;C:\Users\akash\AppData\Local\atom\bin;C:\Program Files\Microsoft VS Code\bin;C:\Users\akash\AppData\Local\Microsoft\WindowsApps;
13 verbose lifecycle generator-magnifyalljs@0.0.9~prepublish: CWD: D:\WorkSapce_magnifyall\generator-magnifyalljs
14 silly lifecycle generator-magnifyalljs@0.0.9~prepublish: Args: [ '/d /s /c', 'nsp check' ]
15 silly lifecycle generator-magnifyalljs@0.0.9~prepublish: Returned: code: 0  signal: null
16 verbose tar pack [ 'C:\\Users\\akash\\AppData\\Roaming\\npm-cache\\generator-magnifyalljs\\0.0.9\\package.tgz',
16 verbose tar pack   'D:\\WorkSapce_magnifyall\\generator-magnifyalljs' ]
17 verbose tarball C:\Users\akash\AppData\Roaming\npm-cache\generator-magnifyalljs\0.0.9\package.tgz
18 verbose folder D:\WorkSapce_magnifyall\generator-magnifyalljs
19 verbose addLocalTarball adding from inside cache C:\Users\akash\AppData\Roaming\npm-cache\generator-magnifyalljs\0.0.9\package.tgz
20 verbose correctMkdir C:\Users\akash\AppData\Roaming\npm-cache correctMkdir not in flight; initializing
21 silly cache afterAdd generator-magnifyalljs@0.0.9
22 verbose afterAdd C:\Users\akash\AppData\Roaming\npm-cache\generator-magnifyalljs\0.0.9\package\package.json not in flight; writing
23 verbose correctMkdir C:\Users\akash\AppData\Roaming\npm-cache correctMkdir not in flight; initializing
24 verbose afterAdd C:\Users\akash\AppData\Roaming\npm-cache\generator-magnifyalljs\0.0.9\package\package.json written
25 silly publish { name: 'generator-magnifyalljs',
25 silly publish   version: '0.0.9',
25 silly publish   description: 'CLI for MagnifyAll.js',
25 silly publish   homepage: 'http://www.magnifyall.com/magnifyall-js',
25 silly publish   author:
25 silly publish    { name: 'Akash Gautam',
25 silly publish      email: 'akashgautam007@gmail.com',
25 silly publish      url: 'http://www.magnifyall.com' },
25 silly publish   files: [ 'generators' ],
25 silly publish   main: 'generators/app/index.js',
25 silly publish   keywords: [ 'magnifyall', 'magnifyalljs', 'yeoman-generator' ],
25 silly publish   devDependencies:
25 silly publish    { 'yeoman-test': '^1.6.0',
25 silly publish      'yeoman-assert': '^3.0.0',
25 silly publish      nsp: '^2.6.3',
25 silly publish      eslint: '^3.18.0',
25 silly publish      'eslint-config-xo-space': '^0.16.0',
25 silly publish      jest: '^19.0.2',
25 silly publish      'jest-cli': '^19.0.1' },
25 silly publish   dependencies:
25 silly publish    { 'yeoman-generator': '^1.0.0',
25 silly publish      chalk: '^1.1.3',
25 silly publish      yosay: '^2.0.0' },
25 silly publish   jest: { testEnvironment: 'node' },
25 silly publish   scripts:
25 silly publish    { prepublish: 'nsp check',
25 silly publish      pretest: 'eslint . --fix',
25 silly publish      test: 'jest' },
25 silly publish   eslintConfig: { extends: 'xo-space', env: { jest: true, node: true } },
25 silly publish   repository: { type: 'git', url: '/gautamakash/generator-magnifyalljs' },
25 silly publish   license: 'MIT',
25 silly publish   readme: '# generator-magnifyalljs [![NPM version][npm-image]][npm-url] [![Build Status][travis-image]][travis-url] [![Dependency Status][daviddm-image]][daviddm-url]\r\n> CLI for MagnifyAll.js\r\n\r\n## Installation\r\n\r\nFirst, install [Yeoman](http://yeoman.io) and generator-magnifyalljs using [npm](https://www.npmjs.com/) (we assume you have pre-installed [node.js](https://nodejs.org/)).\r\n\r\n```bash\r\nnpm install -g yo\r\nnpm install -g generator-magnifyalljs\r\n```\r\n\r\nThen generate your new project:\r\n\r\n```bash\r\nyo magnifyalljs\r\n```\r\n\r\n## Getting To Know Yeoman\r\n\r\n * Yeoman has a heart of gold.\r\n * Yeoman is a person with feelings and opinions, but is very easy to work with.\r\n * Yeoman can be too opinionated at times but is easily convinced not to be.\r\n * Feel free to [learn more about Yeoman](http://yeoman.io/).\r\n\r\n## License\r\n\r\nMIT © [Akash Gautam](http://www.magnifyall.com)\r\n\r\n\r\n[npm-image]: https://badge.fury.io/js/generator-magnifyalljs.svg\r\n[npm-url]: https://npmjs.org/package/generator-magnifyalljs\r\n[travis-image]: https://travis-ci.org/akashgautam007@gmail.com/generator-magnifyalljs.svg?branch=master\r\n[travis-url]: https://travis-ci.org/akashgautam007@gmail.com/generator-magnifyalljs\r\n[daviddm-image]: https://david-dm.org/akashgautam007@gmail.com/generator-magnifyalljs.svg?theme=shields.io\r\n[daviddm-url]: https://david-dm.org/akashgautam007@gmail.com/generator-magnifyalljs\r\n',
25 silly publish   readmeFilename: 'README.md',
25 silly publish   gitHead: 'aefa82d7774d3a64bbf530d2e3eac60b500cdde7',
25 silly publish   _id: 'generator-magnifyalljs@0.0.9',
25 silly publish   _shasum: '9c37516c8b82bf36287b0db6fb93c645444b6f98',
25 silly publish   _from: '.' }
26 verbose getPublishConfig undefined
27 silly mapToRegistry name generator-magnifyalljs
28 silly mapToRegistry using default registry
29 silly mapToRegistry registry https://registry.npmjs.org/
30 silly mapToRegistry data Result {
30 silly mapToRegistry   raw: 'generator-magnifyalljs',
30 silly mapToRegistry   scope: null,
30 silly mapToRegistry   escapedName: 'generator-magnifyalljs',
30 silly mapToRegistry   name: 'generator-magnifyalljs',
30 silly mapToRegistry   rawSpec: '',
30 silly mapToRegistry   spec: 'latest',
30 silly mapToRegistry   type: 'tag' }
31 silly mapToRegistry uri https://registry.npmjs.org/generator-magnifyalljs
32 verbose publish registryBase https://registry.npmjs.org/
33 silly publish uploading C:\Users\akash\AppData\Roaming\npm-cache\generator-magnifyalljs\0.0.9\package.tgz
34 verbose request uri https://registry.npmjs.org/generator-magnifyalljs
35 verbose request sending authorization for write operation
36 info attempt registry request try #1 at 11:52:51 PM
37 verbose request using bearer token for auth
38 verbose request id 258b85af352ed8a0
39 http request PUT https://registry.npmjs.org/generator-magnifyalljs
40 http 403 https://registry.npmjs.org/generator-magnifyalljs
41 verbose headers { 'content-type': 'application/json',
41 verbose headers   'cache-control': 'max-age=300',
41 verbose headers   'content-length': '93',
41 verbose headers   'accept-ranges': 'bytes',
41 verbose headers   date: 'Fri, 06 Apr 2018 13:52:54 GMT',
41 verbose headers   via: '1.1 varnish',
41 verbose headers   connection: 'keep-alive',
41 verbose headers   'x-served-by': 'cache-syd18922-SYD',
41 verbose headers   'x-cache': 'MISS',
41 verbose headers   'x-cache-hits': '0',
41 verbose headers   'x-timer': 'S1523022773.252247,VS0,VE969',
41 verbose headers   vary: 'Accept-Encoding, Accept' }
42 verbose request invalidating C:\Users\akash\AppData\Roaming\npm-cache\registry.npmjs.org\generator-magnifyalljs on PUT
43 error publish Failed PUT 403
44 verbose stack Error: You cannot publish over the previously published versions: 0.0.9. : generator-magnifyalljs
44 verbose stack     at makeError (C:\Program Files\nodejs\node_modules\npm\node_modules\npm-registry-client\lib\request.js:302:12)
44 verbose stack     at CachingRegistryClient.<anonymous> (C:\Program Files\nodejs\node_modules\npm\node_modules\npm-registry-client\lib\request.js:290:14)
44 verbose stack     at Request._callback (C:\Program Files\nodejs\node_modules\npm\node_modules\npm-registry-client\lib\request.js:210:14)
44 verbose stack     at Request.self.callback (C:\Program Files\nodejs\node_modules\npm\node_modules\request\request.js:187:22)
44 verbose stack     at emitTwo (events.js:106:13)
44 verbose stack     at Request.emit (events.js:191:7)
44 verbose stack     at Request.<anonymous> (C:\Program Files\nodejs\node_modules\npm\node_modules\request\request.js:1048:10)
44 verbose stack     at emitOne (events.js:96:13)
44 verbose stack     at Request.emit (events.js:188:7)
44 verbose stack     at IncomingMessage.<anonymous> (C:\Program Files\nodejs\node_modules\npm\node_modules\request\request.js:969:12)
45 verbose statusCode 403
46 verbose pkgid generator-magnifyalljs
47 verbose cwd D:\WorkSapce_magnifyall\generator-magnifyalljs
48 error Windows_NT 10.0.16299
49 error argv "C:\\Program Files\\nodejs\\node.exe" "C:\\Program Files\\nodejs\\node_modules\\npm\\bin\\npm-cli.js" "publish"
50 error node v6.10.3
51 error npm  v3.10.10
52 error code E403
53 error You cannot publish over the previously published versions: 0.0.9. : generator-magnifyalljs
54 error If you need help, you may report this error at:
54 error     <https://github.com/npm/npm/issues>
55 verbose exit [ 1, true ]
